[2016-04-05 21:43:22] START
[2016-04-05 21:44:56] EDIT MOMS/models/db.py: 4
[2016-04-05 21:45:44] EDIT MOMS/models/db.py: 5
[2016-04-05 21:46:27] EDIT MOMS/models/db.py: 0
[2016-04-05 21:47:19] EDIT MOMS/models/db.py: 0
[2016-04-05 21:48:12] EDIT MOMS/models/db.py: 0
[2016-04-05 21:49:26] EDIT MOMS/models/db.py: 6
[2016-04-05 21:50:03] EDIT MOMS/models/db.py: 0
[2016-04-05 21:50:54] EDIT MOMS/models/db.py: 0
[2016-04-05 21:51:46] EDIT MOMS/models/db.py: 0
[2016-04-05 21:52:05] EDIT MOMS/models/db.py: 0
[2016-04-05 21:52:40] EDIT MOMS/models/db.py: 0
[2016-04-05 21:53:06] EDIT MOMS/models/db.py: 0
[2016-04-05 21:53:29] EDIT MOMS/models/db.py: 0
[2016-04-05 21:55:19] EDIT MOMS/models/db.py: 5
[2016-04-05 21:56:55] EDIT MOMS/models/db.py: 5
[2016-04-05 21:57:30] EDIT MOMS/models/db.py: 0
[2016-04-11 01:26:01] EDIT MOMS/controllers/default.py: 11
[2016-04-11 01:26:24] EDIT MOMS/controllers/default.py: 0
[2016-04-11 01:26:56] EDIT MOMS/controllers/default.py: -2
[2016-04-11 01:26:58] EDIT MOMS/controllers/default.py: 0
[2016-04-11 01:30:15] EDIT MOMS/controllers/default.py: 2
[2016-04-11 01:37:33] EDIT MOMS/controllers/default.py: 3
[2016-04-11 01:39:42] EDIT MOMS/controllers/default.py: 0
[2016-04-11 01:45:24] EDIT MOMS/controllers/default.py: 3
[2016-04-11 01:50:47] EDIT MOMS/models/db.py: 0
[2016-04-11 01:54:10] EDIT MOMS/controllers/default.py: 0
[2016-04-11 01:56:40] EDIT MOMS/models/db.py: 0
[2016-04-11 18:53:25] EDIT MOMS/controllers/default.py: -6
[2016-04-11 18:55:21] EDIT MOMS/controllers/default.py: -7
[2016-04-12 15:32:51] EDIT gundu/models/db.py: 0
[2016-04-12 15:33:04] EDIT gundu/models/db.py: 0
[2016-04-12 15:33:18] EDIT gundu/models/db.py: 0
[2016-04-12 15:33:34] EDIT gundu/models/db.py: 0
[2016-04-12 15:33:34] EDIT gundu/models/db.py: 0
[2016-04-12 15:34:01] EDIT gundu/models/db.py: 0
[2016-04-12 15:34:01] EDIT gundu/models/db.py: 0
[2016-04-12 15:34:01] EDIT gundu/models/db.py: 0
[2016-04-12 15:37:49] EDIT gundu/models/db.py: -1
[2016-04-12 15:38:23] EDIT gundu/models/db.py: 0
[2016-04-12 15:38:29] EDIT gundu/models/db.py: 0
[2016-04-12 15:39:47] EDIT gundu/models/db.py: 1
[2016-04-12 15:40:07] EDIT gundu/models/db.py: 0
[2016-04-12 15:42:46] EDIT gundu/models/db.py: 0
[2016-04-12 15:43:20] EDIT gundu/models/db.py: 0
[2016-04-12 15:44:29] EDIT gundu/models/db.py: -1
[2016-04-12 15:45:11] EDIT gundu/models/db.py: 1
[2016-04-12 15:47:05] EDIT gundu/controllers/default.py: 1
