[2016-04-05 21:43:22] START
[2016-04-05 21:44:56] EDIT MOMS/models/db.py: 4
[2016-04-05 21:45:44] EDIT MOMS/models/db.py: 5
[2016-04-05 21:46:27] EDIT MOMS/models/db.py: 0
[2016-04-05 21:47:19] EDIT MOMS/models/db.py: 0
[2016-04-05 21:48:12] EDIT MOMS/models/db.py: 0
[2016-04-05 21:49:26] EDIT MOMS/models/db.py: 6
[2016-04-05 21:50:03] EDIT MOMS/models/db.py: 0
[2016-04-05 21:50:54] EDIT MOMS/models/db.py: 0
[2016-04-05 21:51:46] EDIT MOMS/models/db.py: 0
[2016-04-05 21:52:05] EDIT MOMS/models/db.py: 0
[2016-04-05 21:52:40] EDIT MOMS/models/db.py: 0
[2016-04-05 21:53:06] EDIT MOMS/models/db.py: 0
[2016-04-05 21:53:29] EDIT MOMS/models/db.py: 0
[2016-04-05 21:55:19] EDIT MOMS/models/db.py: 5
[2016-04-05 21:56:55] EDIT MOMS/models/db.py: 5
[2016-04-05 21:57:30] EDIT MOMS/models/db.py: 0
[2016-04-11 01:26:01] EDIT MOMS/controllers/default.py: 11
[2016-04-11 01:26:24] EDIT MOMS/controllers/default.py: 0
[2016-04-11 01:26:56] EDIT MOMS/controllers/default.py: -2
[2016-04-11 01:26:58] EDIT MOMS/controllers/default.py: 0
[2016-04-11 01:30:15] EDIT MOMS/controllers/default.py: 2
[2016-04-11 01:37:33] EDIT MOMS/controllers/default.py: 3
[2016-04-11 01:39:42] EDIT MOMS/controllers/default.py: 0
[2016-04-11 01:45:24] EDIT MOMS/controllers/default.py: 3
[2016-04-11 01:50:47] EDIT MOMS/models/db.py: 0
[2016-04-11 01:54:10] EDIT MOMS/controllers/default.py: 0
[2016-04-11 01:56:40] EDIT MOMS/models/db.py: 0
[2016-04-11 18:53:25] EDIT MOMS/controllers/default.py: -6
[2016-04-11 18:55:21] EDIT MOMS/controllers/default.py: -7
[2016-04-12 15:32:51] EDIT gundu/models/db.py: 0
[2016-04-12 15:33:04] EDIT gundu/models/db.py: 0
[2016-04-12 15:33:18] EDIT gundu/models/db.py: 0
[2016-04-12 15:33:34] EDIT gundu/models/db.py: 0
[2016-04-12 15:33:34] EDIT gundu/models/db.py: 0
[2016-04-12 15:34:01] EDIT gundu/models/db.py: 0
[2016-04-12 15:34:01] EDIT gundu/models/db.py: 0
[2016-04-12 15:34:01] EDIT gundu/models/db.py: 0
[2016-04-12 15:37:49] EDIT gundu/models/db.py: -1
[2016-04-12 15:38:23] EDIT gundu/models/db.py: 0
[2016-04-12 15:38:29] EDIT gundu/models/db.py: 0
[2016-04-12 15:39:47] EDIT gundu/models/db.py: 1
[2016-04-12 15:40:07] EDIT gundu/models/db.py: 0
[2016-04-12 15:42:46] EDIT gundu/models/db.py: 0
[2016-04-12 15:43:20] EDIT gundu/models/db.py: 0
[2016-04-12 15:44:29] EDIT gundu/models/db.py: -1
[2016-04-12 15:45:11] EDIT gundu/models/db.py: 1
[2016-04-12 15:47:05] EDIT gundu/controllers/default.py: 1
[2016-04-12 16:43:48] EDIT gundu/controllers/default.py: 6
[2016-04-12 16:47:05] EDIT gundu/controllers/default.py: 0
[2016-04-12 16:47:23] EDIT gundu/controllers/default.py: 0
[2016-04-12 23:01:06] EDIT gundu/controllers/default.py: 3
[2016-04-12 23:26:42] EDIT gundu/views/default/home.html: 0
[2016-04-12 23:27:30] EDIT gundu/views/default/home.html: -1
[2016-04-12 23:28:36] EDIT gundu/views/default/home.html: 0
[2016-04-13 23:02:28] EDIT gundu/controllers/default.py: 3
[2016-04-13 23:03:00] CREATE default/chooseteam.html: 0
[2016-04-13 23:05:21] EDIT gundu/models/db.py: 0
[2016-04-13 23:06:47] EDIT gundu/views/default/chooseteam.html: 2
[2016-04-13 23:07:18] EDIT gundu/models/db.py: 0
[2016-04-13 23:08:29] EDIT gundu/controllers/default.py: 0
[2016-04-13 23:10:39] EDIT gundu/views/default/chooseteam.html: 0
[2016-04-13 23:25:25] EDIT gundu/controllers/default.py: 3
[2016-04-13 23:28:36] EDIT gundu/views/default/chooseteam.html: 3
[2016-04-13 23:29:24] EDIT gundu/views/default/chooseteam.html: -1
[2016-04-13 23:30:14] EDIT gundu/views/default/chooseteam.html: 0
[2016-04-13 23:31:11] CREATE default/show.html: 0
[2016-04-13 23:32:00] EDIT gundu/views/default/show.html: -2
[2016-04-13 23:32:21] EDIT gundu/views/default/show.html: 0
[2016-04-13 23:40:19] EDIT gundu/controllers/default.py: 2
[2016-04-13 23:50:54] EDIT gundu/controllers/default.py: 11
[2016-04-13 23:56:08] EDIT gundu/controllers/default.py: 2
[2016-04-13 23:58:59] EDIT gundu/controllers/default.py: 0
[2016-04-14 00:01:40] EDIT gundu/controllers/default.py: 0
[2016-04-14 00:08:49] EDIT gundu/controllers/default.py: 2
[2016-04-14 00:11:46] EDIT gundu/controllers/default.py: 0
[2016-04-14 00:12:47] EDIT gundu/controllers/default.py: 0
[2016-04-14 00:15:16] EDIT gundu/controllers/default.py: 0
[2016-04-14 00:16:36] EDIT gundu/controllers/default.py: 0
[2016-04-14 00:17:01] EDIT gundu/controllers/default.py: 0
[2016-04-14 00:17:17] EDIT gundu/controllers/default.py: 0
[2016-04-14 00:21:28] EDIT gundu/controllers/default.py: 1
[2016-04-14 00:21:58] EDIT gundu/controllers/default.py: 1
[2016-04-14 00:27:24] EDIT gundu/controllers/default.py: 0
[2016-04-14 00:32:38] EDIT gundu/controllers/default.py: 2
[2016-04-14 00:41:32] EDIT gundu/controllers/default.py: 0
[2016-04-14 00:43:17] EDIT gundu/models/db.py: 0
[2016-04-14 00:46:26] EDIT gundu/controllers/default.py: -2
[2016-04-14 00:48:35] EDIT gundu/controllers/default.py: 0
[2016-04-14 01:22:26] EDIT gundu/controllers/default.py: 3
[2016-04-14 01:22:45] CREATE default/myteams.html: 0
[2016-04-14 01:23:30] EDIT gundu/views/default/myteams.html: 1
[2016-04-14 01:25:02] EDIT gundu/views/default/myteams.html: 0
[2016-04-14 01:25:30] EDIT gundu/views/default/myteams.html: 0
[2016-04-14 01:29:25] EDIT gundu/controllers/default.py: 2
[2016-04-14 01:29:53] CREATE default/details.html: 0
[2016-04-14 01:30:30] EDIT gundu/controllers/default.py: 1
[2016-04-14 01:33:14] EDIT gundu/views/default/show.html: 0
[2016-04-14 01:33:27] EDIT gundu/views/default/details.html: -2
[2016-04-14 01:54:32] EDIT gundu/controllers/default.py: 2
[2016-04-14 01:57:28] EDIT gundu/views/default/details.html: 4
[2016-04-14 01:59:40] EDIT gundu/views/default/details.html: 0
[2016-04-14 02:00:51] EDIT gundu/controllers/default.py: 0
[2016-04-14 02:02:44] EDIT gundu/views/default/details.html: 0
[2016-04-14 02:05:29] EDIT gundu/views/default/details.html: 1
[2016-04-14 02:06:22] EDIT gundu/views/default/details.html: -1
[2016-04-14 02:08:32] EDIT gundu/controllers/default.py: 2
[2016-04-14 02:24:33] EDIT gundu/controllers/default.py: 11
[2016-04-14 02:28:30] EDIT gundu/controllers/default.py: 0
[2016-04-14 02:31:02] EDIT gundu/controllers/default.py: 0
[2016-04-14 02:36:48] EDIT gundu/controllers/default.py: 12
[2016-04-14 02:37:58] EDIT gundu/controllers/default.py: 0
[2016-04-14 02:39:35] EDIT gundu/views/default/details.html: 0
[2016-04-14 02:50:48] EDIT gundu/controllers/default.py: -1
[2016-04-14 02:51:36] EDIT gundu/controllers/default.py: 0
[2016-04-14 03:04:54] EDIT gundu/models/db.py: 10
[2016-04-14 03:27:57] EDIT gundu/models/db.py: -4
[2016-04-14 03:28:08] EDIT gundu/controllers/default.py: 0
[2016-04-14 18:12:14] EDIT gundu/views/default/myteams.html: 0
[2016-04-14 18:13:51] EDIT gundu/controllers/default.py: 3
[2016-04-14 18:14:29] EDIT gundu/views/default/myteams.html: 0
[2016-04-14 18:15:14] EDIT gundu/views/default/myteams.html: 0
[2016-04-14 18:15:42] EDIT gundu/views/default/myteams.html: 0
[2016-04-14 18:16:37] CREATE default/mail.html.py: 0
[2016-04-14 18:16:54] CREATE default/mail.html: 0
[2016-04-14 18:38:33] EDIT gundu/views/default/mail.html: -2
[2016-04-14 18:44:11] EDIT gundu/views/default/mail.html: 1
[2016-04-14 18:44:31] EDIT gundu/views/default/mail.html: 0
[2016-04-14 18:48:28] EDIT gundu/controllers/default.py: 3
[2016-04-14 18:49:36] CREATE default/sendmail.html: 0
[2016-04-14 18:50:02] EDIT gundu/views/default/sendmail.html: -1
[2016-04-14 18:56:19] EDIT gundu/controllers/default.py: 5
[2016-04-14 19:02:22] EDIT gundu/controllers/default.py: 0
[2016-04-14 19:10:06] EDIT gundu/controllers/default.py: 2
[2016-04-14 19:11:30] EDIT gundu/models/db.py: 1
[2016-04-14 19:15:55] EDIT gundu/models/db.py: 0
[2016-04-14 19:26:56] EDIT gundu/controllers/default.py: 4
[2016-04-14 19:31:15] EDIT gundu/models/db.py: 0
[2016-04-14 19:32:07] EDIT gundu/controllers/default.py: 0
[2016-04-14 19:32:45] EDIT gundu/controllers/default.py: 0
[2016-04-14 19:32:54] EDIT gundu/models/db.py: 0
[2016-04-14 19:39:23] EDIT gundu/controllers/default.py: 1
[2016-04-14 19:39:34] EDIT gundu/controllers/default.py: 0
[2016-04-14 19:40:24] EDIT gundu/views/default/mail.html: 0
[2016-04-14 19:41:58] EDIT gundu/views/default/mail.html: 0
[2016-04-14 22:51:28] EDIT gundu/controllers/default.py: 0
